<?xml version="1.0" encoding="UTF-8"?>
<testsuite name="com.bridgelabz.stackandqueuetest.MyStackAndQueueTest" tests="4" skipped="0" failures="0" errors="0" timestamp="2021-03-30T10:33:06" hostname="DESKTOP-2DC5FKU" time="0.043">
  <properties/>
  <testcase name="given3NumbersinStack_whenPopped_ShouldMatchWithLastAddedNode()" classname="com.bridgelabz.stackandqueuetest.MyStackAndQueueTest" time="0.029"/>
  <testcase name="given3Numbers_whenAddedtoQueue_ShouldHaveAppendedNode()" classname="com.bridgelabz.stackandqueuetest.MyStackAndQueueTest" time="0.003"/>
  <testcase name="given3Numbers_whenAddedtoStack_ShouldHaveLastAddedNode()" classname="com.bridgelabz.stackandqueuetest.MyStackAndQueueTest" time="0.003"/>
  <testcase name="given3Numberswhendequeuetoqueueshouldpopfrontitem()" classname="com.bridgelabz.stackandqueuetest.MyStackAndQueueTest" time="0.002"/>
  <system-out><![CDATA[30->70
56->30->70
56->30->70
30->70
]]></system-out>
  <system-err><![CDATA[]]></system-err>
</testsuite>
